# JRE version: OpenJDK Runtime Environment Microsoft-10376486 (17.0.13+11) (build 17.0.13+11-LTS)
# Java VM: OpenJDK 64-Bit Server VM Microsoft-10376486 (17.0.13+11-LTS, mixed mode, sharing, tiered, compressed oops, compressed class ptrs, g1 gc, windows-amd64)
GC Precious Log:
 CPUs: 4 total, 4 available
 Memory: 8073M
 Large Page Support: Disabled
 NUMA Support: Disabled
 Compressed Oops: Enabled (32-bit)
 Heap Region Size: 1M
 Heap Min Capacity: 8M
 Heap Initial Capacity: 128M
 Heap Max Capacity: 2G
 Pre-touch: Disabled
 Parallel Workers: 4
 Concurrent Workers: 1
 Concurrent Refinement Workers: 4
 Periodic GC: Disabled
Heap:
 garbage-first heap   total 434176K, used 324091K [0x0000000080000000, 0x0000000100000000)
  region size 1024K, 13 young (13312K), 7 survivors (7168K)
 Metaspace       used 121098K, committed 123072K, reserved 557056K
  class space    used 16856K, committed 17792K, reserved 425984K
GC Heap History (20 events):
Event: 114.392 GC heap before
{Heap before GC invocations=86 (full 0):
 garbage-first heap   total 434176K, used 257331K [0x0000000080000000, 0x0000000100000000)
  region size 1024K, 21 young (21504K), 5 survivors (5120K)
 Metaspace       used 113289K, committed 115008K, reserved 557056K
  class space    used 15873K, committed 16640K, reserved 425984K
}
Event: 114.420 GC heap after
{Heap after GC invocations=87 (full 0):
 garbage-first heap   total 434176K, used 239523K [0x0000000080000000, 0x0000000100000000)
  region size 1024K, 3 young (3072K), 3 survivors (3072K)
 Metaspace       used 113289K, committed 115008K, reserved 557056K
  class space    used 15873K, committed 16640K, reserved 425984K
}
Event: 116.932 GC heap before
{Heap before GC invocations=87 (full 0):
 garbage-first heap   total 434176K, used 347043K [0x0000000080000000, 0x0000000100000000)
  region size 1024K, 109 young (111616K), 3 survivors (3072K)
 Metaspace       used 113539K, committed 115264K, reserved 557056K
  class space    used 15899K, committed 16640K, reserved 425984K
}
Event: 116.946 GC heap after
{Heap after GC invocations=88 (full 0):
 garbage-first heap   total 434176K, used 244246K [0x0000000080000000, 0x0000000100000000)
  region size 1024K, 9 young (9216K), 9 survivors (9216K)
 Metaspace       used 113539K, committed 115264K, reserved 557056K
  class space    used 15899K, committed 16640K, reserved 425984K
}
Event: 118.838 GC heap before
{Heap before GC invocations=88 (full 0):
 garbage-first heap   total 434176K, used 349718K [0x0000000080000000, 0x0000000100000000)
  region size 1024K, 113 young (115712K), 9 survivors (9216K)
 Metaspace       used 113539K, committed 115264K, reserved 557056K
  class space    used 15899K, committed 16640K, reserved 425984K
}
Event: 118.872 GC heap after
{Heap after GC invocations=89 (full 0):
 garbage-first heap   total 434176K, used 246091K [0x0000000080000000, 0x0000000100000000)
  region size 1024K, 9 young (9216K), 9 survivors (9216K)
 Metaspace       used 113539K, committed 115264K, reserved 557056K
  class space    used 15899K, committed 16640K, reserved 425984K
}
Event: 122.222 GC heap before
{Heap before GC invocations=89 (full 0):
 garbage-first heap   total 434176K, used 358731K [0x0000000080000000, 0x0000000100000000)
  region size 1024K, 116 young (118784K), 9 survivors (9216K)
 Metaspace       used 113951K, committed 115776K, reserved 557056K
  class space    used 15950K, committed 16768K, reserved 425984K
}
Event: 122.249 GC heap after
{Heap after GC invocations=90 (full 0):
 garbage-first heap   total 434176K, used 260410K [0x0000000080000000, 0x0000000100000000)
  region size 1024K, 15 young (15360K), 15 survivors (15360K)
 Metaspace       used 113951K, committed 115776K, reserved 557056K
  class space    used 15950K, committed 16768K, reserved 425984K
}
Event: 124.326 GC heap before
{Heap before GC invocations=90 (full 0):
 garbage-first heap   total 434176K, used 356666K [0x0000000080000000, 0x0000000100000000)
  region size 1024K, 110 young (112640K), 15 survivors (15360K)
 Metaspace       used 113959K, committed 115776K, reserved 557056K
  class space    used 15951K, committed 16768K, reserved 425984K
}
Event: 124.398 GC heap after
{Heap after GC invocations=91 (full 0):
 garbage-first heap   total 434176K, used 262210K [0x0000000080000000, 0x0000000100000000)
  region size 1024K, 5 young (5120K), 5 survivors (5120K)
 Metaspace       used 113959K, committed 115776K, reserved 557056K
  class space    used 15951K, committed 16768K, reserved 425984K
}
Event: 131.339 GC heap before
{Heap before GC invocations=91 (full 0):
 garbage-first heap   total 434176K, used 363586K [0x0000000080000000, 0x0000000100000000)
  region size 1024K, 102 young (104448K), 5 survivors (5120K)
 Metaspace       used 116591K, committed 118400K, reserved 557056K
  class space    used 16300K, committed 17088K, reserved 425984K
}
Event: 131.374 GC heap after
{Heap after GC invocations=92 (full 0):
 garbage-first heap   total 434176K, used 275896K [0x0000000080000000, 0x0000000100000000)
  region size 1024K, 13 young (13312K), 13 survivors (13312K)
 Metaspace       used 116591K, committed 118400K, reserved 557056K
  class space    used 16300K, committed 17088K, reserved 425984K
}
Event: 135.328 GC heap before
{Heap before GC invocations=92 (full 0):
 garbage-first heap   total 434176K, used 364984K [0x0000000080000000, 0x0000000100000000)
  region size 1024K, 100 young (102400K), 13 survivors (13312K)
 Metaspace       used 119437K, committed 121344K, reserved 557056K
  class space    used 16650K, committed 17536K, reserved 425984K
}
Event: 135.376 GC heap after
{Heap after GC invocations=93 (full 0):
 garbage-first heap   total 434176K, used 288041K [0x0000000080000000, 0x0000000100000000)
  region size 1024K, 12 young (12288K), 12 survivors (12288K)
 Metaspace       used 119437K, committed 121344K, reserved 557056K
  class space    used 16650K, committed 17536K, reserved 425984K
}
Event: 138.248 GC heap before
{Heap before GC invocations=93 (full 0):
 garbage-first heap   total 434176K, used 364841K [0x0000000080000000, 0x0000000100000000)
  region size 1024K, 87 young (89088K), 12 survivors (12288K)
 Metaspace       used 119758K, committed 121664K, reserved 557056K
  class space    used 16674K, committed 17536K, reserved 425984K
}
Event: 138.300 GC heap after
{Heap after GC invocations=94 (full 0):
 garbage-first heap   total 434176K, used 299930K [0x0000000080000000, 0x0000000100000000)
  region size 1024K, 11 young (11264K), 11 survivors (11264K)
 Metaspace       used 119758K, committed 121664K, reserved 557056K
  class space    used 16674K, committed 17536K, reserved 425984K
}
Event: 140.361 GC heap before
{Heap before GC invocations=94 (full 0):
 garbage-first heap   total 434176K, used 364442K [0x0000000080000000, 0x0000000100000000)
  region size 1024K, 74 young (75776K), 11 survivors (11264K)
 Metaspace       used 120042K, committed 121984K, reserved 557056K
  class space    used 16702K, committed 17600K, reserved 425984K
}
Event: 140.403 GC heap after
{Heap after GC invocations=95 (full 0):
 garbage-first heap   total 434176K, used 312320K [0x0000000080000000, 0x0000000100000000)
  region size 1024K, 10 young (10240K), 10 survivors (10240K)
 Metaspace       used 120042K, committed 121984K, reserved 557056K
  class space    used 16702K, committed 17600K, reserved 425984K
}
Event: 142.199 GC heap before
{Heap before GC invocations=95 (full 0):
 garbage-first heap   total 434176K, used 366592K [0x0000000080000000, 0x0000000100000000)
  region size 1024K, 63 young (64512K), 10 survivors (10240K)
 Metaspace       used 121050K, committed 123072K, reserved 557056K
  class space    used 16856K, committed 17792K, reserved 425984K
}
Event: 142.232 GC heap after
{Heap after GC invocations=96 (full 0):
 garbage-first heap   total 434176K, used 318971K [0x0000000080000000, 0x0000000100000000)
  region size 1024K, 7 young (7168K), 7 survivors (7168K)
 Metaspace       used 121050K, committed 123072K, reserved 557056K
  class space    used 16856K, committed 17792K, reserved 425984K
}

